ERROR - 2023-09-26 06:19:23 --> mysqli_sql_exception: Unknown column 'ProductCategory' in 'field list' in C:\laragon\www\Laboratory1\system\Database\MySQLi\Connection.php:306
Stack trace:
#0 C:\laragon\www\Laboratory1\system\Database\MySQLi\Connection.php(306): mysqli->query('INSERT INTO `ta...', 0)
#1 C:\laragon\www\Laboratory1\system\Database\BaseConnection.php(692): CodeIgniter\Database\MySQLi\Connection->execute('INSERT INTO `ta...')
#2 C:\laragon\www\Laboratory1\system\Database\BaseConnection.php(606): CodeIgniter\Database\BaseConnection->simpleQuery('INSERT INTO `ta...')
#3 C:\laragon\www\Laboratory1\system\Database\BaseBuilder.php(2308): CodeIgniter\Database\BaseConnection->query('INSERT INTO `ta...', Array, false)
#4 C:\laragon\www\Laboratory1\system\Model.php(319): CodeIgniter\Database\BaseBuilder->insert()
#5 C:\laragon\www\Laboratory1\system\BaseModel.php(788): CodeIgniter\Model->doInsert(Array)
#6 C:\laragon\www\Laboratory1\system\Model.php(715): CodeIgniter\BaseModel->insert(Array, false)
#7 C:\laragon\www\Laboratory1\system\BaseModel.php(698): CodeIgniter\Model->insert(Array, false)
#8 C:\laragon\www\Laboratory1\app\Controllers\ProductController.php(64): CodeIgniter\BaseModel->save(Array)
#9 C:\laragon\www\Laboratory1\system\CodeIgniter.php(919): App\Controllers\ProductController->save()
#10 C:\laragon\www\Laboratory1\system\CodeIgniter.php(494): CodeIgniter\CodeIgniter->runController(Object(App\Controllers\ProductController))
#11 C:\laragon\www\Laboratory1\system\CodeIgniter.php(353): CodeIgniter\CodeIgniter->handleRequest(NULL, Object(Config\Cache), false)
#12 C:\laragon\www\Laboratory1\public\index.php(79): CodeIgniter\CodeIgniter->run()
#13 C:\laragon\www\Laboratory1\system\Commands\Server\rewrite.php(47): require_once('C:\\laragon\\www\\...')
#14 {main}
CRITICAL - 2023-09-26 06:19:23 --> Unknown column 'ProductCategory' in 'field list'
in SYSTEMPATH\Database\BaseConnection.php on line 646.
 1 SYSTEMPATH\Database\BaseBuilder.php(2308): CodeIgniter\Database\BaseConnection->query('INSERT INTO `table_category` (`ProductCategory`) VALUES (:ProductCategory:)', [...], false)
 2 SYSTEMPATH\Model.php(319): CodeIgniter\Database\BaseBuilder->insert()
 3 SYSTEMPATH\BaseModel.php(788): CodeIgniter\Model->doInsert([...])
 4 SYSTEMPATH\Model.php(715): CodeIgniter\BaseModel->insert([...], false)
 5 SYSTEMPATH\BaseModel.php(698): CodeIgniter\Model->insert([...], false)
 6 APPPATH\Controllers\ProductController.php(64): CodeIgniter\BaseModel->save([...])
 7 SYSTEMPATH\CodeIgniter.php(919): App\Controllers\ProductController->save()
 8 SYSTEMPATH\CodeIgniter.php(494): CodeIgniter\CodeIgniter->runController(Object(App\Controllers\ProductController))
 9 SYSTEMPATH\CodeIgniter.php(353): CodeIgniter\CodeIgniter->handleRequest(null, Object(Config\Cache), false)
10 FCPATH\index.php(79): CodeIgniter\CodeIgniter->run()
11 SYSTEMPATH\Commands\Server\rewrite.php(47): require_once('C:\\laragon\\www\\Laboratory1\\public\\index.php')
ERROR - 2023-09-26 06:19:35 --> mysqli_sql_exception: Unknown column 'ProductCategory' in 'field list' in C:\laragon\www\Laboratory1\system\Database\MySQLi\Connection.php:306
Stack trace:
#0 C:\laragon\www\Laboratory1\system\Database\MySQLi\Connection.php(306): mysqli->query('INSERT INTO `ta...', 0)
#1 C:\laragon\www\Laboratory1\system\Database\BaseConnection.php(692): CodeIgniter\Database\MySQLi\Connection->execute('INSERT INTO `ta...')
#2 C:\laragon\www\Laboratory1\system\Database\BaseConnection.php(606): CodeIgniter\Database\BaseConnection->simpleQuery('INSERT INTO `ta...')
#3 C:\laragon\www\Laboratory1\system\Database\BaseBuilder.php(2308): CodeIgniter\Database\BaseConnection->query('INSERT INTO `ta...', Array, false)
#4 C:\laragon\www\Laboratory1\system\Model.php(319): CodeIgniter\Database\BaseBuilder->insert()
#5 C:\laragon\www\Laboratory1\system\BaseModel.php(788): CodeIgniter\Model->doInsert(Array)
#6 C:\laragon\www\Laboratory1\system\Model.php(715): CodeIgniter\BaseModel->insert(Array, false)
#7 C:\laragon\www\Laboratory1\system\BaseModel.php(698): CodeIgniter\Model->insert(Array, false)
#8 C:\laragon\www\Laboratory1\app\Controllers\ProductController.php(64): CodeIgniter\BaseModel->save(Array)
#9 C:\laragon\www\Laboratory1\system\CodeIgniter.php(919): App\Controllers\ProductController->save()
#10 C:\laragon\www\Laboratory1\system\CodeIgniter.php(494): CodeIgniter\CodeIgniter->runController(Object(App\Controllers\ProductController))
#11 C:\laragon\www\Laboratory1\system\CodeIgniter.php(353): CodeIgniter\CodeIgniter->handleRequest(NULL, Object(Config\Cache), false)
#12 C:\laragon\www\Laboratory1\public\index.php(79): CodeIgniter\CodeIgniter->run()
#13 C:\laragon\www\Laboratory1\system\Commands\Server\rewrite.php(47): require_once('C:\\laragon\\www\\...')
#14 {main}
CRITICAL - 2023-09-26 06:19:35 --> Unknown column 'ProductCategory' in 'field list'
in SYSTEMPATH\Database\BaseConnection.php on line 646.
 1 SYSTEMPATH\Database\BaseBuilder.php(2308): CodeIgniter\Database\BaseConnection->query('INSERT INTO `table_category` (`ProductCategory`) VALUES (:ProductCategory:)', [...], false)
 2 SYSTEMPATH\Model.php(319): CodeIgniter\Database\BaseBuilder->insert()
 3 SYSTEMPATH\BaseModel.php(788): CodeIgniter\Model->doInsert([...])
 4 SYSTEMPATH\Model.php(715): CodeIgniter\BaseModel->insert([...], false)
 5 SYSTEMPATH\BaseModel.php(698): CodeIgniter\Model->insert([...], false)
 6 APPPATH\Controllers\ProductController.php(64): CodeIgniter\BaseModel->save([...])
 7 SYSTEMPATH\CodeIgniter.php(919): App\Controllers\ProductController->save()
 8 SYSTEMPATH\CodeIgniter.php(494): CodeIgniter\CodeIgniter->runController(Object(App\Controllers\ProductController))
 9 SYSTEMPATH\CodeIgniter.php(353): CodeIgniter\CodeIgniter->handleRequest(null, Object(Config\Cache), false)
10 FCPATH\index.php(79): CodeIgniter\CodeIgniter->run()
11 SYSTEMPATH\Commands\Server\rewrite.php(47): require_once('C:\\laragon\\www\\Laboratory1\\public\\index.php')
ERROR - 2023-09-26 06:19:55 --> mysqli_sql_exception: Unknown column 'ProductCategory' in 'field list' in C:\laragon\www\Laboratory1\system\Database\MySQLi\Connection.php:306
Stack trace:
#0 C:\laragon\www\Laboratory1\system\Database\MySQLi\Connection.php(306): mysqli->query('INSERT INTO `ta...', 0)
#1 C:\laragon\www\Laboratory1\system\Database\BaseConnection.php(692): CodeIgniter\Database\MySQLi\Connection->execute('INSERT INTO `ta...')
#2 C:\laragon\www\Laboratory1\system\Database\BaseConnection.php(606): CodeIgniter\Database\BaseConnection->simpleQuery('INSERT INTO `ta...')
#3 C:\laragon\www\Laboratory1\system\Database\BaseBuilder.php(2308): CodeIgniter\Database\BaseConnection->query('INSERT INTO `ta...', Array, false)
#4 C:\laragon\www\Laboratory1\system\Model.php(319): CodeIgniter\Database\BaseBuilder->insert()
#5 C:\laragon\www\Laboratory1\system\BaseModel.php(788): CodeIgniter\Model->doInsert(Array)
#6 C:\laragon\www\Laboratory1\system\Model.php(715): CodeIgniter\BaseModel->insert(Array, false)
#7 C:\laragon\www\Laboratory1\system\BaseModel.php(698): CodeIgniter\Model->insert(Array, false)
#8 C:\laragon\www\Laboratory1\app\Controllers\ProductController.php(64): CodeIgniter\BaseModel->save(Array)
#9 C:\laragon\www\Laboratory1\system\CodeIgniter.php(919): App\Controllers\ProductController->save()
#10 C:\laragon\www\Laboratory1\system\CodeIgniter.php(494): CodeIgniter\CodeIgniter->runController(Object(App\Controllers\ProductController))
#11 C:\laragon\www\Laboratory1\system\CodeIgniter.php(353): CodeIgniter\CodeIgniter->handleRequest(NULL, Object(Config\Cache), false)
#12 C:\laragon\www\Laboratory1\public\index.php(79): CodeIgniter\CodeIgniter->run()
#13 C:\laragon\www\Laboratory1\system\Commands\Server\rewrite.php(47): require_once('C:\\laragon\\www\\...')
#14 {main}
CRITICAL - 2023-09-26 06:19:55 --> Unknown column 'ProductCategory' in 'field list'
in SYSTEMPATH\Database\BaseConnection.php on line 646.
 1 SYSTEMPATH\Database\BaseBuilder.php(2308): CodeIgniter\Database\BaseConnection->query('INSERT INTO `table_category` (`ProductCategory`) VALUES (:ProductCategory:)', [...], false)
 2 SYSTEMPATH\Model.php(319): CodeIgniter\Database\BaseBuilder->insert()
 3 SYSTEMPATH\BaseModel.php(788): CodeIgniter\Model->doInsert([...])
 4 SYSTEMPATH\Model.php(715): CodeIgniter\BaseModel->insert([...], false)
 5 SYSTEMPATH\BaseModel.php(698): CodeIgniter\Model->insert([...], false)
 6 APPPATH\Controllers\ProductController.php(64): CodeIgniter\BaseModel->save([...])
 7 SYSTEMPATH\CodeIgniter.php(919): App\Controllers\ProductController->save()
 8 SYSTEMPATH\CodeIgniter.php(494): CodeIgniter\CodeIgniter->runController(Object(App\Controllers\ProductController))
 9 SYSTEMPATH\CodeIgniter.php(353): CodeIgniter\CodeIgniter->handleRequest(null, Object(Config\Cache), false)
10 FCPATH\index.php(79): CodeIgniter\CodeIgniter->run()
11 SYSTEMPATH\Commands\Server\rewrite.php(47): require_once('C:\\laragon\\www\\Laboratory1\\public\\index.php')
ERROR - 2023-09-26 06:22:20 --> mysqli_sql_exception: Unknown column 'ProductCategory' in 'field list' in C:\laragon\www\Laboratory1\system\Database\MySQLi\Connection.php:306
Stack trace:
#0 C:\laragon\www\Laboratory1\system\Database\MySQLi\Connection.php(306): mysqli->query('INSERT INTO `ta...', 0)
#1 C:\laragon\www\Laboratory1\system\Database\BaseConnection.php(692): CodeIgniter\Database\MySQLi\Connection->execute('INSERT INTO `ta...')
#2 C:\laragon\www\Laboratory1\system\Database\BaseConnection.php(606): CodeIgniter\Database\BaseConnection->simpleQuery('INSERT INTO `ta...')
#3 C:\laragon\www\Laboratory1\system\Database\BaseBuilder.php(2308): CodeIgniter\Database\BaseConnection->query('INSERT INTO `ta...', Array, false)
#4 C:\laragon\www\Laboratory1\system\Model.php(319): CodeIgniter\Database\BaseBuilder->insert()
#5 C:\laragon\www\Laboratory1\system\BaseModel.php(788): CodeIgniter\Model->doInsert(Array)
#6 C:\laragon\www\Laboratory1\system\Model.php(715): CodeIgniter\BaseModel->insert(Array, false)
#7 C:\laragon\www\Laboratory1\system\BaseModel.php(698): CodeIgniter\Model->insert(Array, false)
#8 C:\laragon\www\Laboratory1\app\Controllers\ProductController.php(64): CodeIgniter\BaseModel->save(Array)
#9 C:\laragon\www\Laboratory1\system\CodeIgniter.php(919): App\Controllers\ProductController->save()
#10 C:\laragon\www\Laboratory1\system\CodeIgniter.php(494): CodeIgniter\CodeIgniter->runController(Object(App\Controllers\ProductController))
#11 C:\laragon\www\Laboratory1\system\CodeIgniter.php(353): CodeIgniter\CodeIgniter->handleRequest(NULL, Object(Config\Cache), false)
#12 C:\laragon\www\Laboratory1\public\index.php(79): CodeIgniter\CodeIgniter->run()
#13 C:\laragon\www\Laboratory1\system\Commands\Server\rewrite.php(47): require_once('C:\\laragon\\www\\...')
#14 {main}
CRITICAL - 2023-09-26 06:22:20 --> Unknown column 'ProductCategory' in 'field list'
in SYSTEMPATH\Database\BaseConnection.php on line 646.
 1 SYSTEMPATH\Database\BaseBuilder.php(2308): CodeIgniter\Database\BaseConnection->query('INSERT INTO `table_category` (`ProductCategory`) VALUES (:ProductCategory:)', [...], false)
 2 SYSTEMPATH\Model.php(319): CodeIgniter\Database\BaseBuilder->insert()
 3 SYSTEMPATH\BaseModel.php(788): CodeIgniter\Model->doInsert([...])
 4 SYSTEMPATH\Model.php(715): CodeIgniter\BaseModel->insert([...], false)
 5 SYSTEMPATH\BaseModel.php(698): CodeIgniter\Model->insert([...], false)
 6 APPPATH\Controllers\ProductController.php(64): CodeIgniter\BaseModel->save([...])
 7 SYSTEMPATH\CodeIgniter.php(919): App\Controllers\ProductController->save()
 8 SYSTEMPATH\CodeIgniter.php(494): CodeIgniter\CodeIgniter->runController(Object(App\Controllers\ProductController))
 9 SYSTEMPATH\CodeIgniter.php(353): CodeIgniter\CodeIgniter->handleRequest(null, Object(Config\Cache), false)
10 FCPATH\index.php(79): CodeIgniter\CodeIgniter->run()
11 SYSTEMPATH\Commands\Server\rewrite.php(47): require_once('C:\\laragon\\www\\Laboratory1\\public\\index.php')
